<?xml version="1.0" encoding="UTF-8"?>
<testsuite xmlns:xsi="http://www.w3.org/2001/XMLSchema-instance" xsi:noNamespaceSchemaLocation="https://maven.apache.org/surefire/maven-surefire-plugin/xsd/surefire-test-report-3.0.xsd" version="3.0" name="at.jku.swtesting.GoogleSearchTest" time="2.064" tests="1" errors="0" skipped="0" failures="0">
  <properties>
[...]
</properties>
  <testcase name="testSearch" classname="at.jku.swtesting.GoogleSearchTest" time="1.25">
    <system-out><![CDATA[10:00:33.131 [main] DEBUG io.github.bonigarcia.wdm.cache.ResolutionCache -- Resolution chrome=114 in cache (valid until 11:00:28 02/06/2023 MESZ)
10:00:33.131 [main] DEBUG io.github.bonigarcia.wdm.cache.ResolutionCache -- Resolution chrome114=114.0.5735.90 in cache (valid until 10:00:28 03/06/2023 MESZ)
10:00:33.131 [main] INFO io.github.bonigarcia.wdm.WebDriverManager -- Using chromedriver 114.0.5735.90 (resolved driver for Chrome 114)
10:00:33.134 [main] DEBUG io.github.bonigarcia.wdm.WebDriverManager -- Driver chromedriver 114.0.5735.90 found in cache
10:00:33.134 [main] INFO io.github.bonigarcia.wdm.WebDriverManager -- Exporting webdriver.chrome.driver as C:\Users\ahint\.cache\selenium\chromedriver\win32\114.0.5735.90\chromedriver.exe
10:00:33.209 [AsyncHttpClient-1-5] DEBUG org.asynchttpclient.netty.channel.NettyConnectListener -- Using new Channel '[id: 0x7162450c, L:/127.0.0.1:65171 - R:localhost/127.0.0.1:28619]' for 'POST' to '/session'
10:00:33.685 [AsyncHttpClient-1-1] DEBUG org.asynchttpclient.netty.channel.DefaultChannelPool -- Entry count for : http://localhost:65148 : 1
10:00:33.685 [AsyncHttpClient-1-1] DEBUG org.asynchttpclient.netty.channel.DefaultChannelPool -- Entry count for : http://localhost:23443 : 1
10:00:33.685 [AsyncHttpClient-1-1] DEBUG org.asynchttpclient.netty.channel.DefaultChannelPool -- Adding Candidate expired Channel [id: 0x646976da, L:/127.0.0.1:65156 ! R:localhost/127.0.0.1:65148] isIdleTimeoutExpired=false isRemotelyClosed=true isTtlExpired=false
10:00:33.685 [AsyncHttpClient-1-1] DEBUG org.asynchttpclient.netty.channel.DefaultChannelPool -- Closing Idle Channel [id: 0x646976da, L:/127.0.0.1:65156 ! R:localhost/127.0.0.1:65148]
10:00:33.685 [AsyncHttpClient-1-1] DEBUG org.asynchttpclient.netty.channel.DefaultChannelPool -- Adding Candidate expired Channel [id: 0x980400e7, L:/127.0.0.1:65147 ! R:localhost/127.0.0.1:23443] isIdleTimeoutExpired=false isRemotelyClosed=true isTtlExpired=false
10:00:33.685 [AsyncHttpClient-1-1] DEBUG org.asynchttpclient.netty.channel.DefaultChannelPool -- Closing Idle Channel [id: 0x980400e7, L:/127.0.0.1:65147 ! R:localhost/127.0.0.1:23443]
10:00:33.686 [AsyncHttpClient-1-1] DEBUG org.asynchttpclient.netty.channel.DefaultChannelPool -- Closed 2 connections out of 2 in 1 ms
10:00:33.741 [AsyncHttpClient-1-5] DEBUG org.asynchttpclient.netty.handler.HttpHandler -- 

Request DefaultHttpRequest(decodeResult: success, version: HTTP/1.1)
POST /session HTTP/1.1
User-Agent: selenium/4.9.0 (java windows)
Content-Length: 254
Content-Type: application/json; charset=utf-8
host: localhost:28619
accept: */*

Response DefaultHttpResponse(decodeResult: success, version: HTTP/1.1)
HTTP/1.1 200 OK
Content-Length: 860
Content-Type: application/json; charset=utf-8
cache-control: no-cache

10:00:33.741 [AsyncHttpClient-1-5] DEBUG org.asynchttpclient.netty.channel.ChannelManager -- Adding key: http://localhost:28619 for channel [id: 0x7162450c, L:/127.0.0.1:65171 - R:localhost/127.0.0.1:28619]
10:00:33.747 [AsyncHttpClient-1-6] DEBUG org.asynchttpclient.netty.channel.NettyConnectListener -- Using new Channel '[id: 0x4491e8df, L:/127.0.0.1:65180 - R:localhost/127.0.0.1:65172]' for 'GET' to '/json/version'
10:00:33.749 [AsyncHttpClient-1-6] DEBUG org.asynchttpclient.netty.handler.HttpHandler -- 

Request DefaultFullHttpRequest(decodeResult: success, version: HTTP/1.1, content: EmptyByteBufBE)
GET /json/version HTTP/1.1
User-Agent: selenium/4.9.0 (java windows)
host: localhost:65172
accept: */*

Response DefaultHttpResponse(decodeResult: success, version: HTTP/1.1)
HTTP/1.1 200 OK
Content-Security-Policy: frame-ancestors 'none'
Content-Length: 423
Content-Type: application/json; charset=UTF-8

10:00:33.749 [AsyncHttpClient-1-6] DEBUG org.asynchttpclient.netty.channel.ChannelManager -- Adding key: http://localhost:65172 for channel [id: 0x4491e8df, L:/127.0.0.1:65180 - R:localhost/127.0.0.1:65172]
10:00:33.751 [AsyncHttpClient-1-7] DEBUG org.asynchttpclient.netty.channel.NettyConnectListener -- Using new Channel '[id: 0x4679f5af, L:/127.0.0.1:65181 - R:localhost/127.0.0.1:65172]' for 'GET' to '/devtools/browser/8f1b5cb1-d011-4b90-8c25-22fcd331784a'
10:00:33.753 [AsyncHttpClient-1-7] DEBUG org.asynchttpclient.netty.handler.WebSocketHandler -- 

Request DefaultFullHttpRequest(decodeResult: success, version: HTTP/1.1, content: EmptyByteBufBE)
GET /devtools/browser/8f1b5cb1-d011-4b90-8c25-22fcd331784a HTTP/1.1
upgrade: websocket
connection: upgrade
sec-websocket-key: fS43cXY2ng9zZQ6BQMML7w==
sec-websocket-version: 13
origin: http://localhost:65172
host: localhost:65172
accept: */*
user-agent: AHC/2.1

Response DefaultHttpResponse(decodeResult: success, version: HTTP/1.1)
HTTP/1.1 101 WebSocket Protocol Handshake
Upgrade: WebSocket
Connection: Upgrade
Sec-WebSocket-Accept: iAIbK4Ny2U8nXGKdDlF128jv+bA=

10:00:33.756 [Forwarding setTimeout on session 2fc14e25ebedfa714a78ba2fbfc947df to remote] DEBUG org.asynchttpclient.netty.request.NettyRequestSender -- Using pooled Channel '[id: 0x7162450c, L:/127.0.0.1:65171 - R:localhost/127.0.0.1:28619]' for 'POST' to 'http://localhost:28619/session/2fc14e25ebedfa714a78ba2fbfc947df/timeouts'
10:00:33.756 [Forwarding setTimeout on session 2fc14e25ebedfa714a78ba2fbfc947df to remote] DEBUG org.asynchttpclient.netty.request.NettyRequestSender -- Using open Channel [id: 0x7162450c, L:/127.0.0.1:65171 - R:localhost/127.0.0.1:28619] for POST '/session/2fc14e25ebedfa714a78ba2fbfc947df/timeouts'
10:00:33.757 [AsyncHttpClient-1-5] DEBUG org.asynchttpclient.netty.handler.HttpHandler -- 

Request DefaultHttpRequest(decodeResult: success, version: HTTP/1.1)
POST /session/2fc14e25ebedfa714a78ba2fbfc947df/timeouts HTTP/1.1
User-Agent: selenium/4.9.0 (java windows)
Content-Length: 23
Content-Type: application/json; charset=utf-8
host: localhost:28619
accept: */*

Response DefaultHttpResponse(decodeResult: success, version: HTTP/1.1)
HTTP/1.1 200 OK
Content-Length: 14
Content-Type: application/json; charset=utf-8
cache-control: no-cache

10:00:33.757 [AsyncHttpClient-1-5] DEBUG org.asynchttpclient.netty.channel.ChannelManager -- Adding key: http://localhost:28619 for channel [id: 0x7162450c, L:/127.0.0.1:65171 - R:localhost/127.0.0.1:28619]
10:00:33.760 [Forwarding get on session 2fc14e25ebedfa714a78ba2fbfc947df to remote] DEBUG org.asynchttpclient.netty.request.NettyRequestSender -- Using pooled Channel '[id: 0x7162450c, L:/127.0.0.1:65171 - R:localhost/127.0.0.1:28619]' for 'POST' to 'http://localhost:28619/session/2fc14e25ebedfa714a78ba2fbfc947df/url'
10:00:33.760 [Forwarding get on session 2fc14e25ebedfa714a78ba2fbfc947df to remote] DEBUG org.asynchttpclient.netty.request.NettyRequestSender -- Using open Channel [id: 0x7162450c, L:/127.0.0.1:65171 - R:localhost/127.0.0.1:28619] for POST '/session/2fc14e25ebedfa714a78ba2fbfc947df/url'
10:00:34.316 [AsyncHttpClient-1-5] DEBUG org.asynchttpclient.netty.handler.HttpHandler -- 

Request DefaultHttpRequest(decodeResult: success, version: HTTP/1.1)
POST /session/2fc14e25ebedfa714a78ba2fbfc947df/url HTTP/1.1
User-Agent: selenium/4.9.0 (java windows)
Content-Length: 52
Content-Type: application/json; charset=utf-8
host: localhost:28619
accept: */*

Response DefaultHttpResponse(decodeResult: success, version: HTTP/1.1)
HTTP/1.1 200 OK
Content-Length: 14
Content-Type: application/json; charset=utf-8
cache-control: no-cache

10:00:34.316 [AsyncHttpClient-1-5] DEBUG org.asynchttpclient.netty.channel.ChannelManager -- Adding key: http://localhost:28619 for channel [id: 0x7162450c, L:/127.0.0.1:65171 - R:localhost/127.0.0.1:28619]
10:00:34.317 [Forwarding findElement on session 2fc14e25ebedfa714a78ba2fbfc947df to remote] DEBUG org.asynchttpclient.netty.request.NettyRequestSender -- Using pooled Channel '[id: 0x7162450c, L:/127.0.0.1:65171 - R:localhost/127.0.0.1:28619]' for 'POST' to 'http://localhost:28619/session/2fc14e25ebedfa714a78ba2fbfc947df/element'
10:00:34.317 [Forwarding findElement on session 2fc14e25ebedfa714a78ba2fbfc947df to remote] DEBUG org.asynchttpclient.netty.request.NettyRequestSender -- Using open Channel [id: 0x7162450c, L:/127.0.0.1:65171 - R:localhost/127.0.0.1:28619] for POST '/session/2fc14e25ebedfa714a78ba2fbfc947df/element'
10:00:34.324 [AsyncHttpClient-1-5] DEBUG org.asynchttpclient.netty.handler.HttpHandler -- 

Request DefaultHttpRequest(decodeResult: success, version: HTTP/1.1)
POST /session/2fc14e25ebedfa714a78ba2fbfc947df/element HTTP/1.1
User-Agent: selenium/4.9.0 (java windows)
Content-Length: 51
Content-Type: application/json; charset=utf-8
host: localhost:28619
accept: */*

Response DefaultHttpResponse(decodeResult: success, version: HTTP/1.1)
HTTP/1.1 200 OK
Content-Length: 95
Content-Type: application/json; charset=utf-8
cache-control: no-cache

10:00:34.325 [AsyncHttpClient-1-5] DEBUG org.asynchttpclient.netty.channel.ChannelManager -- Adding key: http://localhost:28619 for channel [id: 0x7162450c, L:/127.0.0.1:65171 - R:localhost/127.0.0.1:28619]
10:00:34.326 [Forwarding clickElement on session 2fc14e25ebedfa714a78ba2fbfc947df to remote] DEBUG org.asynchttpclient.netty.request.NettyRequestSender -- Using pooled Channel '[id: 0x7162450c, L:/127.0.0.1:65171 - R:localhost/127.0.0.1:28619]' for 'POST' to 'http://localhost:28619/session/2fc14e25ebedfa714a78ba2fbfc947df/element/A66A20955E0B9232198226340AF6267D_element_27/click'
10:00:34.326 [Forwarding clickElement on session 2fc14e25ebedfa714a78ba2fbfc947df to remote] DEBUG org.asynchttpclient.netty.request.NettyRequestSender -- Using open Channel [id: 0x7162450c, L:/127.0.0.1:65171 - R:localhost/127.0.0.1:28619] for POST '/session/2fc14e25ebedfa714a78ba2fbfc947df/element/A66A20955E0B9232198226340AF6267D_element_27/click'
10:00:34.350 [AsyncHttpClient-1-5] DEBUG org.asynchttpclient.netty.handler.HttpHandler -- 

Request DefaultHttpRequest(decodeResult: success, version: HTTP/1.1)
POST /session/2fc14e25ebedfa714a78ba2fbfc947df/element/A66A20955E0B9232198226340AF6267D_element_27/click HTTP/1.1
User-Agent: selenium/4.9.0 (java windows)
Content-Length: 57
Content-Type: application/json; charset=utf-8
host: localhost:28619
accept: */*

Response DefaultHttpResponse(decodeResult: success, version: HTTP/1.1)
HTTP/1.1 200 OK
Content-Length: 14
Content-Type: application/json; charset=utf-8
cache-control: no-cache

10:00:34.351 [AsyncHttpClient-1-5] DEBUG org.asynchttpclient.netty.channel.ChannelManager -- Adding key: http://localhost:28619 for channel [id: 0x7162450c, L:/127.0.0.1:65171 - R:localhost/127.0.0.1:28619]
10:00:34.352 [Forwarding findElement on session 2fc14e25ebedfa714a78ba2fbfc947df to remote] DEBUG org.asynchttpclient.netty.request.NettyRequestSender -- Using pooled Channel '[id: 0x7162450c, L:/127.0.0.1:65171 - R:localhost/127.0.0.1:28619]' for 'POST' to 'http://localhost:28619/session/2fc14e25ebedfa714a78ba2fbfc947df/element'
10:00:34.352 [Forwarding findElement on session 2fc14e25ebedfa714a78ba2fbfc947df to remote] DEBUG org.asynchttpclient.netty.request.NettyRequestSender -- Using open Channel [id: 0x7162450c, L:/127.0.0.1:65171 - R:localhost/127.0.0.1:28619] for POST '/session/2fc14e25ebedfa714a78ba2fbfc947df/element'
10:00:34.359 [AsyncHttpClient-1-5] DEBUG org.asynchttpclient.netty.handler.HttpHandler -- 

Request DefaultHttpRequest(decodeResult: success, version: HTTP/1.1)
POST /session/2fc14e25ebedfa714a78ba2fbfc947df/element HTTP/1.1
User-Agent: selenium/4.9.0 (java windows)
Content-Length: 55
Content-Type: application/json; charset=utf-8
host: localhost:28619
accept: */*

Response DefaultHttpResponse(decodeResult: success, version: HTTP/1.1)
HTTP/1.1 200 OK
Content-Length: 94
Content-Type: application/json; charset=utf-8
cache-control: no-cache

10:00:34.359 [AsyncHttpClient-1-5] DEBUG org.asynchttpclient.netty.channel.ChannelManager -- Adding key: http://localhost:28619 for channel [id: 0x7162450c, L:/127.0.0.1:65171 - R:localhost/127.0.0.1:28619]
10:00:34.361 [Forwarding clearElement on session 2fc14e25ebedfa714a78ba2fbfc947df to remote] DEBUG org.asynchttpclient.netty.request.NettyRequestSender -- Using pooled Channel '[id: 0x7162450c, L:/127.0.0.1:65171 - R:localhost/127.0.0.1:28619]' for 'POST' to 'http://localhost:28619/session/2fc14e25ebedfa714a78ba2fbfc947df/element/A66A20955E0B9232198226340AF6267D_element_3/clear'
10:00:34.361 [Forwarding clearElement on session 2fc14e25ebedfa714a78ba2fbfc947df to remote] DEBUG org.asynchttpclient.netty.request.NettyRequestSender -- Using open Channel [id: 0x7162450c, L:/127.0.0.1:65171 - R:localhost/127.0.0.1:28619] for POST '/session/2fc14e25ebedfa714a78ba2fbfc947df/element/A66A20955E0B9232198226340AF6267D_element_3/clear'
10:00:34.376 [AsyncHttpClient-1-5] DEBUG org.asynchttpclient.netty.handler.HttpHandler -- 

Request DefaultHttpRequest(decodeResult: success, version: HTTP/1.1)
POST /session/2fc14e25ebedfa714a78ba2fbfc947df/element/A66A20955E0B9232198226340AF6267D_element_3/clear HTTP/1.1
User-Agent: selenium/4.9.0 (java windows)
Content-Length: 56
Content-Type: application/json; charset=utf-8
host: localhost:28619
accept: */*

Response DefaultHttpResponse(decodeResult: success, version: HTTP/1.1)
HTTP/1.1 200 OK
Content-Length: 14
Content-Type: application/json; charset=utf-8
cache-control: no-cache

10:00:34.376 [AsyncHttpClient-1-5] DEBUG org.asynchttpclient.netty.channel.ChannelManager -- Adding key: http://localhost:28619 for channel [id: 0x7162450c, L:/127.0.0.1:65171 - R:localhost/127.0.0.1:28619]
10:00:34.378 [Forwarding sendKeysToElement on session 2fc14e25ebedfa714a78ba2fbfc947df to remote] DEBUG org.asynchttpclient.netty.request.NettyRequestSender -- Using pooled Channel '[id: 0x7162450c, L:/127.0.0.1:65171 - R:localhost/127.0.0.1:28619]' for 'POST' to 'http://localhost:28619/session/2fc14e25ebedfa714a78ba2fbfc947df/element/A66A20955E0B9232198226340AF6267D_element_3/value'
10:00:34.378 [Forwarding sendKeysToElement on session 2fc14e25ebedfa714a78ba2fbfc947df to remote] DEBUG org.asynchttpclient.netty.request.NettyRequestSender -- Using open Channel [id: 0x7162450c, L:/127.0.0.1:65171 - R:localhost/127.0.0.1:28619] for POST '/session/2fc14e25ebedfa714a78ba2fbfc947df/element/A66A20955E0B9232198226340AF6267D_element_3/value'
10:00:34.419 [AsyncHttpClient-1-5] DEBUG org.asynchttpclient.netty.handler.HttpHandler -- 

Request DefaultHttpRequest(decodeResult: success, version: HTTP/1.1)
POST /session/2fc14e25ebedfa714a78ba2fbfc947df/element/A66A20955E0B9232198226340AF6267D_element_3/value HTTP/1.1
User-Agent: selenium/4.9.0 (java windows)
Content-Length: 157
Content-Type: application/json; charset=utf-8
host: localhost:28619
accept: */*

Response DefaultHttpResponse(decodeResult: success, version: HTTP/1.1)
HTTP/1.1 200 OK
Content-Length: 14
Content-Type: application/json; charset=utf-8
cache-control: no-cache

10:00:34.419 [AsyncHttpClient-1-5] DEBUG org.asynchttpclient.netty.channel.ChannelManager -- Adding key: http://localhost:28619 for channel [id: 0x7162450c, L:/127.0.0.1:65171 - R:localhost/127.0.0.1:28619]
10:00:34.420 [Forwarding submitElement on session 2fc14e25ebedfa714a78ba2fbfc947df to remote] DEBUG org.asynchttpclient.netty.request.NettyRequestSender -- Using pooled Channel '[id: 0x7162450c, L:/127.0.0.1:65171 - R:localhost/127.0.0.1:28619]' for 'POST' to 'http://localhost:28619/session/2fc14e25ebedfa714a78ba2fbfc947df/execute/sync'
10:00:34.420 [Forwarding submitElement on session 2fc14e25ebedfa714a78ba2fbfc947df to remote] DEBUG org.asynchttpclient.netty.request.NettyRequestSender -- Using open Channel [id: 0x7162450c, L:/127.0.0.1:65171 - R:localhost/127.0.0.1:28619] for POST '/session/2fc14e25ebedfa714a78ba2fbfc947df/execute/sync'
10:00:34.539 [AsyncHttpClient-1-5] DEBUG org.asynchttpclient.netty.handler.HttpHandler -- 

Request DefaultHttpRequest(decodeResult: success, version: HTTP/1.1)
POST /session/2fc14e25ebedfa714a78ba2fbfc947df/execute/sync HTTP/1.1
User-Agent: selenium/4.9.0 (java windows)
Content-Length: 595
Content-Type: application/json; charset=utf-8
host: localhost:28619
accept: */*

Response DefaultHttpResponse(decodeResult: success, version: HTTP/1.1)
HTTP/1.1 200 OK
Content-Length: 14
Content-Type: application/json; charset=utf-8
cache-control: no-cache

10:00:34.540 [AsyncHttpClient-1-5] DEBUG org.asynchttpclient.netty.channel.ChannelManager -- Adding key: http://localhost:28619 for channel [id: 0x7162450c, L:/127.0.0.1:65171 - R:localhost/127.0.0.1:28619]
10:00:34.541 [Forwarding getTitle on session 2fc14e25ebedfa714a78ba2fbfc947df to remote] DEBUG org.asynchttpclient.netty.request.NettyRequestSender -- Using pooled Channel '[id: 0x7162450c, L:/127.0.0.1:65171 - R:localhost/127.0.0.1:28619]' for 'GET' to 'http://localhost:28619/session/2fc14e25ebedfa714a78ba2fbfc947df/title'
10:00:34.541 [Forwarding getTitle on session 2fc14e25ebedfa714a78ba2fbfc947df to remote] DEBUG org.asynchttpclient.netty.request.NettyRequestSender -- Using open Channel [id: 0x7162450c, L:/127.0.0.1:65171 - R:localhost/127.0.0.1:28619] for GET '/session/2fc14e25ebedfa714a78ba2fbfc947df/title'
10:00:34.783 [AsyncHttpClient-1-1] DEBUG org.asynchttpclient.netty.channel.DefaultChannelPool -- Entry count for : http://localhost:65172 : 1
10:00:35.008 [AsyncHttpClient-1-5] DEBUG org.asynchttpclient.netty.handler.HttpHandler -- 

Request DefaultFullHttpRequest(decodeResult: success, version: HTTP/1.1, content: EmptyByteBufBE)
GET /session/2fc14e25ebedfa714a78ba2fbfc947df/title HTTP/1.1
User-Agent: selenium/4.9.0 (java windows)
Cache-Control: no-cache
Content-Type: application/json; charset=utf-8
host: localhost:28619
accept: */*

Response DefaultHttpResponse(decodeResult: success, version: HTTP/1.1)
HTTP/1.1 200 OK
Content-Length: 34
Content-Type: application/json; charset=utf-8
cache-control: no-cache

10:00:35.008 [AsyncHttpClient-1-5] DEBUG org.asynchttpclient.netty.channel.ChannelManager -- Adding key: http://localhost:28619 for channel [id: 0x7162450c, L:/127.0.0.1:65171 - R:localhost/127.0.0.1:28619]
]]></system-out>
    <system-err><![CDATA[Starting ChromeDriver 114.0.5735.90 (386bc09e8f4f2e025eddae123f36f6263096ae49-refs/branch-heads/5735@{#1052}) on port 28619
Only local connections are allowed.
Please see https://chromedriver.chromium.org/security-considerations for suggestions on keeping ChromeDriver safe.
ChromeDriver was started successfully.
Juni 02, 2023 10:00:33 AM org.openqa.selenium.devtools.CdpVersionFinder findNearestMatch
WARNUNG: Unable to find an exact match for CDP version 114, so returning the closest version found: 112
]]></system-err>
  </testcase>
</testsuite>