<?xml version="1.0" encoding="UTF-8"?>
<testsuite xmlns:xsi="http://www.w3.org/2001/XMLSchema-instance" xsi:noNamespaceSchemaLocation="https://maven.apache.org/surefire/maven-surefire-plugin/xsd/surefire-test-report-3.0.xsd" version="3.0" name="at.jku.swtesting.LisssTest" time="1.911" tests="1" errors="0" skipped="0" failures="1">
  <properties>
[...]
</properties>
  <testcase name="testSearch" classname="at.jku.swtesting.LisssTest" time="1.142">
    <failure message="expected: &lt;JKU | LISSS - software testing&gt; but was: &lt;&gt;" type="org.opentest4j.AssertionFailedError"><![CDATA[org.opentest4j.AssertionFailedError: expected: <JKU | LISSS - software testing> but was: <>
	at org.junit.jupiter.api.AssertionFailureBuilder.build(AssertionFailureBuilder.java:151)
	at org.junit.jupiter.api.AssertionFailureBuilder.buildAndThrow(AssertionFailureBuilder.java:132)
	at org.junit.jupiter.api.AssertEquals.failNotEqual(AssertEquals.java:197)
	at org.junit.jupiter.api.AssertEquals.assertEquals(AssertEquals.java:182)
	at org.junit.jupiter.api.AssertEquals.assertEquals(AssertEquals.java:177)
	at org.junit.jupiter.api.Assertions.assertEquals(Assertions.java:1142)
	at at.jku.swtesting.LisssTest.testSearch(LisssTest.java:53)
	at java.base/jdk.internal.reflect.NativeMethodAccessorImpl.invoke0(Native Method)
	at java.base/jdk.internal.reflect.NativeMethodAccessorImpl.invoke(NativeMethodAccessorImpl.java:77)
	at java.base/jdk.internal.reflect.DelegatingMethodAccessorImpl.invoke(DelegatingMethodAccessorImpl.java:43)
	at java.base/java.lang.reflect.Method.invoke(Method.java:568)
	at org.junit.platform.commons.util.ReflectionUtils.invokeMethod(ReflectionUtils.java:727)
	at org.junit.jupiter.engine.execution.MethodInvocation.proceed(MethodInvocation.java:60)
	at org.junit.jupiter.engine.execution.InvocationInterceptorChain$ValidatingInvocation.proceed(InvocationInterceptorChain.java:131)
	at org.junit.jupiter.engine.extension.TimeoutExtension.intercept(TimeoutExtension.java:156)
	at org.junit.jupiter.engine.extension.TimeoutExtension.interceptTestableMethod(TimeoutExtension.java:147)
	at org.junit.jupiter.engine.extension.TimeoutExtension.interceptTestMethod(TimeoutExtension.java:86)
	at org.junit.jupiter.engine.execution.InterceptingExecutableInvoker$ReflectiveInterceptorCall.lambda$ofVoidMethod$0(InterceptingExecutableInvoker.java:103)
	at org.junit.jupiter.engine.execution.InterceptingExecutableInvoker.lambda$invoke$0(InterceptingExecutableInvoker.java:93)
	at org.junit.jupiter.engine.execution.InvocationInterceptorChain$InterceptedInvocation.proceed(InvocationInterceptorChain.java:106)
	at org.junit.jupiter.engine.execution.InvocationInterceptorChain.proceed(InvocationInterceptorChain.java:64)
	at org.junit.jupiter.engine.execution.InvocationInterceptorChain.chainAndInvoke(InvocationInterceptorChain.java:45)
	at org.junit.jupiter.engine.execution.InvocationInterceptorChain.invoke(InvocationInterceptorChain.java:37)
	at org.junit.jupiter.engine.execution.InterceptingExecutableInvoker.invoke(InterceptingExecutableInvoker.java:92)
	at org.junit.jupiter.engine.execution.InterceptingExecutableInvoker.invoke(InterceptingExecutableInvoker.java:86)
	at org.junit.jupiter.engine.descriptor.TestMethodTestDescriptor.lambda$invokeTestMethod$7(TestMethodTestDescriptor.java:217)
	at org.junit.platform.engine.support.hierarchical.ThrowableCollector.execute(ThrowableCollector.java:73)
	at org.junit.jupiter.engine.descriptor.TestMethodTestDescriptor.invokeTestMethod(TestMethodTestDescriptor.java:213)
	at org.junit.jupiter.engine.descriptor.TestMethodTestDescriptor.execute(TestMethodTestDescriptor.java:138)
	at org.junit.jupiter.engine.descriptor.TestMethodTestDescriptor.execute(TestMethodTestDescriptor.java:68)
	at org.junit.platform.engine.support.hierarchical.NodeTestTask.lambda$executeRecursively$6(NodeTestTask.java:151)
	at org.junit.platform.engine.support.hierarchical.ThrowableCollector.execute(ThrowableCollector.java:73)
	at org.junit.platform.engine.support.hierarchical.NodeTestTask.lambda$executeRecursively$8(NodeTestTask.java:141)
	at org.junit.platform.engine.support.hierarchical.Node.around(Node.java:137)
	at org.junit.platform.engine.support.hierarchical.NodeTestTask.lambda$executeRecursively$9(NodeTestTask.java:139)
	at org.junit.platform.engine.support.hierarchical.ThrowableCollector.execute(ThrowableCollector.java:73)
	at org.junit.platform.engine.support.hierarchical.NodeTestTask.executeRecursively(NodeTestTask.java:138)
	at org.junit.platform.engine.support.hierarchical.NodeTestTask.execute(NodeTestTask.java:95)
	at java.base/java.util.ArrayList.forEach(ArrayList.java:1511)
	at org.junit.platform.engine.support.hierarchical.SameThreadHierarchicalTestExecutorService.invokeAll(SameThreadHierarchicalTestExecutorService.java:41)
	at org.junit.platform.engine.support.hierarchical.NodeTestTask.lambda$executeRecursively$6(NodeTestTask.java:155)
	at org.junit.platform.engine.support.hierarchical.ThrowableCollector.execute(ThrowableCollector.java:73)
	at org.junit.platform.engine.support.hierarchical.NodeTestTask.lambda$executeRecursively$8(NodeTestTask.java:141)
	at org.junit.platform.engine.support.hierarchical.Node.around(Node.java:137)
	at org.junit.platform.engine.support.hierarchical.NodeTestTask.lambda$executeRecursively$9(NodeTestTask.java:139)
	at org.junit.platform.engine.support.hierarchical.ThrowableCollector.execute(ThrowableCollector.java:73)
	at org.junit.platform.engine.support.hierarchical.NodeTestTask.executeRecursively(NodeTestTask.java:138)
	at org.junit.platform.engine.support.hierarchical.NodeTestTask.execute(NodeTestTask.java:95)
	at java.base/java.util.ArrayList.forEach(ArrayList.java:1511)
	at org.junit.platform.engine.support.hierarchical.SameThreadHierarchicalTestExecutorService.invokeAll(SameThreadHierarchicalTestExecutorService.java:41)
	at org.junit.platform.engine.support.hierarchical.NodeTestTask.lambda$executeRecursively$6(NodeTestTask.java:155)
	at org.junit.platform.engine.support.hierarchical.ThrowableCollector.execute(ThrowableCollector.java:73)
	at org.junit.platform.engine.support.hierarchical.NodeTestTask.lambda$executeRecursively$8(NodeTestTask.java:141)
	at org.junit.platform.engine.support.hierarchical.Node.around(Node.java:137)
	at org.junit.platform.engine.support.hierarchical.NodeTestTask.lambda$executeRecursively$9(NodeTestTask.java:139)
	at org.junit.platform.engine.support.hierarchical.ThrowableCollector.execute(ThrowableCollector.java:73)
	at org.junit.platform.engine.support.hierarchical.NodeTestTask.executeRecursively(NodeTestTask.java:138)
	at org.junit.platform.engine.support.hierarchical.NodeTestTask.execute(NodeTestTask.java:95)
	at org.junit.platform.engine.support.hierarchical.SameThreadHierarchicalTestExecutorService.submit(SameThreadHierarchicalTestExecutorService.java:35)
	at org.junit.platform.engine.support.hierarchical.HierarchicalTestExecutor.execute(HierarchicalTestExecutor.java:57)
	at org.junit.platform.engine.support.hierarchical.HierarchicalTestEngine.execute(HierarchicalTestEngine.java:54)
	at org.junit.platform.launcher.core.EngineExecutionOrchestrator.execute(EngineExecutionOrchestrator.java:147)
	at org.junit.platform.launcher.core.EngineExecutionOrchestrator.execute(EngineExecutionOrchestrator.java:127)
	at org.junit.platform.launcher.core.EngineExecutionOrchestrator.execute(EngineExecutionOrchestrator.java:90)
	at org.junit.platform.launcher.core.EngineExecutionOrchestrator.lambda$execute$0(EngineExecutionOrchestrator.java:55)
	at org.junit.platform.launcher.core.EngineExecutionOrchestrator.withInterceptedStreams(EngineExecutionOrchestrator.java:102)
	at org.junit.platform.launcher.core.EngineExecutionOrchestrator.execute(EngineExecutionOrchestrator.java:54)
	at org.junit.platform.launcher.core.DefaultLauncher.execute(DefaultLauncher.java:114)
	at org.junit.platform.launcher.core.DefaultLauncher.execute(DefaultLauncher.java:86)
	at org.junit.platform.launcher.core.DefaultLauncherSession$DelegatingLauncher.execute(DefaultLauncherSession.java:86)
	at org.apache.maven.surefire.junitplatform.LazyLauncher.execute(LazyLauncher.java:50)
	at org.apache.maven.surefire.junitplatform.JUnitPlatformProvider.execute(JUnitPlatformProvider.java:184)
	at org.apache.maven.surefire.junitplatform.JUnitPlatformProvider.invokeAllTests(JUnitPlatformProvider.java:148)
	at org.apache.maven.surefire.junitplatform.JUnitPlatformProvider.invoke(JUnitPlatformProvider.java:122)
	at org.apache.maven.surefire.booter.ForkedBooter.runSuitesInProcess(ForkedBooter.java:385)
	at org.apache.maven.surefire.booter.ForkedBooter.execute(ForkedBooter.java:162)
	at org.apache.maven.surefire.booter.ForkedBooter.run(ForkedBooter.java:507)
	at org.apache.maven.surefire.booter.ForkedBooter.main(ForkedBooter.java:495)
]]></failure>
    <system-out><![CDATA[10:00:35.165 [main] DEBUG io.github.bonigarcia.wdm.cache.ResolutionCache -- Resolution chrome=114 in cache (valid until 11:00:28 02/06/2023 MESZ)
10:00:35.165 [main] DEBUG io.github.bonigarcia.wdm.cache.ResolutionCache -- Resolution chrome114=114.0.5735.90 in cache (valid until 10:00:28 03/06/2023 MESZ)
10:00:35.165 [main] INFO io.github.bonigarcia.wdm.WebDriverManager -- Using chromedriver 114.0.5735.90 (resolved driver for Chrome 114)
10:00:35.168 [main] DEBUG io.github.bonigarcia.wdm.WebDriverManager -- Driver chromedriver 114.0.5735.90 found in cache
10:00:35.168 [main] INFO io.github.bonigarcia.wdm.WebDriverManager -- Exporting webdriver.chrome.driver as C:\Users\ahint\.cache\selenium\chromedriver\win32\114.0.5735.90\chromedriver.exe
10:00:35.238 [AsyncHttpClient-1-8] DEBUG org.asynchttpclient.netty.channel.NettyConnectListener -- Using new Channel '[id: 0x57cdfda2, L:/127.0.0.1:65195 - R:localhost/127.0.0.1:18084]' for 'POST' to '/session'
10:00:35.786 [AsyncHttpClient-1-8] DEBUG org.asynchttpclient.netty.handler.HttpHandler -- 

Request DefaultHttpRequest(decodeResult: success, version: HTTP/1.1)
POST /session HTTP/1.1
User-Agent: selenium/4.9.0 (java windows)
Content-Length: 254
Content-Type: application/json; charset=utf-8
host: localhost:18084
accept: */*

Response DefaultHttpResponse(decodeResult: success, version: HTTP/1.1)
HTTP/1.1 200 OK
Content-Length: 860
Content-Type: application/json; charset=utf-8
cache-control: no-cache

10:00:35.787 [AsyncHttpClient-1-8] DEBUG org.asynchttpclient.netty.channel.ChannelManager -- Adding key: http://localhost:18084 for channel [id: 0x57cdfda2, L:/127.0.0.1:65195 - R:localhost/127.0.0.1:18084]
10:00:35.791 [AsyncHttpClient-1-9] DEBUG org.asynchttpclient.netty.channel.NettyConnectListener -- Using new Channel '[id: 0x45706645, L:/127.0.0.1:65204 - R:localhost/127.0.0.1:65196]' for 'GET' to '/json/version'
10:00:35.793 [AsyncHttpClient-1-9] DEBUG org.asynchttpclient.netty.handler.HttpHandler -- 

Request DefaultFullHttpRequest(decodeResult: success, version: HTTP/1.1, content: EmptyByteBufBE)
GET /json/version HTTP/1.1
User-Agent: selenium/4.9.0 (java windows)
host: localhost:65196
accept: */*

Response DefaultHttpResponse(decodeResult: success, version: HTTP/1.1)
HTTP/1.1 200 OK
Content-Security-Policy: frame-ancestors 'none'
Content-Length: 423
Content-Type: application/json; charset=UTF-8

10:00:35.793 [AsyncHttpClient-1-9] DEBUG org.asynchttpclient.netty.channel.ChannelManager -- Adding key: http://localhost:65196 for channel [id: 0x45706645, L:/127.0.0.1:65204 - R:localhost/127.0.0.1:65196]
10:00:35.795 [AsyncHttpClient-1-10] DEBUG org.asynchttpclient.netty.channel.NettyConnectListener -- Using new Channel '[id: 0x638a5d0b, L:/127.0.0.1:65205 - R:localhost/127.0.0.1:65196]' for 'GET' to '/devtools/browser/907f12b6-1a32-46cd-8a0d-472de89c3e4a'
10:00:35.797 [AsyncHttpClient-1-10] DEBUG org.asynchttpclient.netty.handler.WebSocketHandler -- 

Request DefaultFullHttpRequest(decodeResult: success, version: HTTP/1.1, content: EmptyByteBufBE)
GET /devtools/browser/907f12b6-1a32-46cd-8a0d-472de89c3e4a HTTP/1.1
upgrade: websocket
connection: upgrade
sec-websocket-key: O3W4B2lfwPML5AyxT/r4Dg==
sec-websocket-version: 13
origin: http://localhost:65196
host: localhost:65196
accept: */*
user-agent: AHC/2.1

Response DefaultHttpResponse(decodeResult: success, version: HTTP/1.1)
HTTP/1.1 101 WebSocket Protocol Handshake
Upgrade: WebSocket
Connection: Upgrade
Sec-WebSocket-Accept: XUztPaQ9wBA0otPkJth/o0aWO5s=

10:00:35.800 [Forwarding setTimeout on session 94529eedea957961047aed1a53ef8134 to remote] DEBUG org.asynchttpclient.netty.request.NettyRequestSender -- Using pooled Channel '[id: 0x57cdfda2, L:/127.0.0.1:65195 - R:localhost/127.0.0.1:18084]' for 'POST' to 'http://localhost:18084/session/94529eedea957961047aed1a53ef8134/timeouts'
10:00:35.800 [Forwarding setTimeout on session 94529eedea957961047aed1a53ef8134 to remote] DEBUG org.asynchttpclient.netty.request.NettyRequestSender -- Using open Channel [id: 0x57cdfda2, L:/127.0.0.1:65195 - R:localhost/127.0.0.1:18084] for POST '/session/94529eedea957961047aed1a53ef8134/timeouts'
10:00:35.800 [AsyncHttpClient-1-8] DEBUG org.asynchttpclient.netty.handler.HttpHandler -- 

Request DefaultHttpRequest(decodeResult: success, version: HTTP/1.1)
POST /session/94529eedea957961047aed1a53ef8134/timeouts HTTP/1.1
User-Agent: selenium/4.9.0 (java windows)
Content-Length: 23
Content-Type: application/json; charset=utf-8
host: localhost:18084
accept: */*

Response DefaultHttpResponse(decodeResult: success, version: HTTP/1.1)
HTTP/1.1 200 OK
Content-Length: 14
Content-Type: application/json; charset=utf-8
cache-control: no-cache

10:00:35.801 [AsyncHttpClient-1-8] DEBUG org.asynchttpclient.netty.channel.ChannelManager -- Adding key: http://localhost:18084 for channel [id: 0x57cdfda2, L:/127.0.0.1:65195 - R:localhost/127.0.0.1:18084]
10:00:35.802 [Forwarding get on session 94529eedea957961047aed1a53ef8134 to remote] DEBUG org.asynchttpclient.netty.request.NettyRequestSender -- Using pooled Channel '[id: 0x57cdfda2, L:/127.0.0.1:65195 - R:localhost/127.0.0.1:18084]' for 'POST' to 'http://localhost:18084/session/94529eedea957961047aed1a53ef8134/url'
10:00:35.802 [Forwarding get on session 94529eedea957961047aed1a53ef8134 to remote] DEBUG org.asynchttpclient.netty.request.NettyRequestSender -- Using open Channel [id: 0x57cdfda2, L:/127.0.0.1:65195 - R:localhost/127.0.0.1:18084] for POST '/session/94529eedea957961047aed1a53ef8134/url'
10:00:35.886 [AsyncHttpClient-1-1] DEBUG org.asynchttpclient.netty.channel.DefaultChannelPool -- Entry count for : http://localhost:65172 : 1
10:00:35.886 [AsyncHttpClient-1-1] DEBUG org.asynchttpclient.netty.channel.DefaultChannelPool -- Entry count for : http://localhost:28619 : 1
10:00:35.886 [AsyncHttpClient-1-1] DEBUG org.asynchttpclient.netty.channel.DefaultChannelPool -- Entry count for : http://localhost:65196 : 1
10:00:35.886 [AsyncHttpClient-1-1] DEBUG org.asynchttpclient.netty.channel.DefaultChannelPool -- Adding Candidate expired Channel [id: 0x4491e8df, L:/127.0.0.1:65180 ! R:localhost/127.0.0.1:65172] isIdleTimeoutExpired=false isRemotelyClosed=true isTtlExpired=false
10:00:35.886 [AsyncHttpClient-1-1] DEBUG org.asynchttpclient.netty.channel.DefaultChannelPool -- Closing Idle Channel [id: 0x4491e8df, L:/127.0.0.1:65180 ! R:localhost/127.0.0.1:65172]
10:00:35.886 [AsyncHttpClient-1-1] DEBUG org.asynchttpclient.netty.channel.DefaultChannelPool -- Adding Candidate expired Channel [id: 0x7162450c, L:/127.0.0.1:65171 ! R:localhost/127.0.0.1:28619] isIdleTimeoutExpired=false isRemotelyClosed=true isTtlExpired=false
10:00:35.886 [AsyncHttpClient-1-1] DEBUG org.asynchttpclient.netty.channel.DefaultChannelPool -- Closing Idle Channel [id: 0x7162450c, L:/127.0.0.1:65171 ! R:localhost/127.0.0.1:28619]
10:00:35.886 [AsyncHttpClient-1-1] DEBUG org.asynchttpclient.netty.channel.DefaultChannelPool -- Closed 2 connections out of 3 in 0 ms
10:00:36.778 [AsyncHttpClient-1-8] DEBUG org.asynchttpclient.netty.handler.HttpHandler -- 

Request DefaultHttpRequest(decodeResult: success, version: HTTP/1.1)
POST /session/94529eedea957961047aed1a53ef8134/url HTTP/1.1
User-Agent: selenium/4.9.0 (java windows)
Content-Length: 100
Content-Type: application/json; charset=utf-8
host: localhost:18084
accept: */*

Response DefaultHttpResponse(decodeResult: success, version: HTTP/1.1)
HTTP/1.1 200 OK
Content-Length: 14
Content-Type: application/json; charset=utf-8
cache-control: no-cache

10:00:36.779 [AsyncHttpClient-1-8] DEBUG org.asynchttpclient.netty.channel.ChannelManager -- Adding key: http://localhost:18084 for channel [id: 0x57cdfda2, L:/127.0.0.1:65195 - R:localhost/127.0.0.1:18084]
10:00:36.781 [Forwarding findElement on session 94529eedea957961047aed1a53ef8134 to remote] DEBUG org.asynchttpclient.netty.request.NettyRequestSender -- Using pooled Channel '[id: 0x57cdfda2, L:/127.0.0.1:65195 - R:localhost/127.0.0.1:18084]' for 'POST' to 'http://localhost:18084/session/94529eedea957961047aed1a53ef8134/element'
10:00:36.781 [Forwarding findElement on session 94529eedea957961047aed1a53ef8134 to remote] DEBUG org.asynchttpclient.netty.request.NettyRequestSender -- Using open Channel [id: 0x57cdfda2, L:/127.0.0.1:65195 - R:localhost/127.0.0.1:18084] for POST '/session/94529eedea957961047aed1a53ef8134/element'
10:00:36.788 [AsyncHttpClient-1-8] DEBUG org.asynchttpclient.netty.handler.HttpHandler -- 

Request DefaultHttpRequest(decodeResult: success, version: HTTP/1.1)
POST /session/94529eedea957961047aed1a53ef8134/element HTTP/1.1
User-Agent: selenium/4.9.0 (java windows)
Content-Length: 54
Content-Type: application/json; charset=utf-8
host: localhost:18084
accept: */*

Response DefaultHttpResponse(decodeResult: success, version: HTTP/1.1)
HTTP/1.1 200 OK
Content-Length: 95
Content-Type: application/json; charset=utf-8
cache-control: no-cache

10:00:36.788 [AsyncHttpClient-1-8] DEBUG org.asynchttpclient.netty.channel.ChannelManager -- Adding key: http://localhost:18084 for channel [id: 0x57cdfda2, L:/127.0.0.1:65195 - R:localhost/127.0.0.1:18084]
10:00:36.789 [Forwarding clearElement on session 94529eedea957961047aed1a53ef8134 to remote] DEBUG org.asynchttpclient.netty.request.NettyRequestSender -- Using pooled Channel '[id: 0x57cdfda2, L:/127.0.0.1:65195 - R:localhost/127.0.0.1:18084]' for 'POST' to 'http://localhost:18084/session/94529eedea957961047aed1a53ef8134/element/86016CE7ECA0DB592849D2D091900575_element_10/clear'
10:00:36.789 [Forwarding clearElement on session 94529eedea957961047aed1a53ef8134 to remote] DEBUG org.asynchttpclient.netty.request.NettyRequestSender -- Using open Channel [id: 0x57cdfda2, L:/127.0.0.1:65195 - R:localhost/127.0.0.1:18084] for POST '/session/94529eedea957961047aed1a53ef8134/element/86016CE7ECA0DB592849D2D091900575_element_10/clear'
10:00:36.814 [AsyncHttpClient-1-8] DEBUG org.asynchttpclient.netty.handler.HttpHandler -- 

Request DefaultHttpRequest(decodeResult: success, version: HTTP/1.1)
POST /session/94529eedea957961047aed1a53ef8134/element/86016CE7ECA0DB592849D2D091900575_element_10/clear HTTP/1.1
User-Agent: selenium/4.9.0 (java windows)
Content-Length: 57
Content-Type: application/json; charset=utf-8
host: localhost:18084
accept: */*

Response DefaultHttpResponse(decodeResult: success, version: HTTP/1.1)
HTTP/1.1 200 OK
Content-Length: 14
Content-Type: application/json; charset=utf-8
cache-control: no-cache

10:00:36.814 [AsyncHttpClient-1-8] DEBUG org.asynchttpclient.netty.channel.ChannelManager -- Adding key: http://localhost:18084 for channel [id: 0x57cdfda2, L:/127.0.0.1:65195 - R:localhost/127.0.0.1:18084]
10:00:36.816 [Forwarding sendKeysToElement on session 94529eedea957961047aed1a53ef8134 to remote] DEBUG org.asynchttpclient.netty.request.NettyRequestSender -- Using pooled Channel '[id: 0x57cdfda2, L:/127.0.0.1:65195 - R:localhost/127.0.0.1:18084]' for 'POST' to 'http://localhost:18084/session/94529eedea957961047aed1a53ef8134/element/86016CE7ECA0DB592849D2D091900575_element_10/value'
10:00:36.816 [Forwarding sendKeysToElement on session 94529eedea957961047aed1a53ef8134 to remote] DEBUG org.asynchttpclient.netty.request.NettyRequestSender -- Using open Channel [id: 0x57cdfda2, L:/127.0.0.1:65195 - R:localhost/127.0.0.1:18084] for POST '/session/94529eedea957961047aed1a53ef8134/element/86016CE7ECA0DB592849D2D091900575_element_10/value'
10:00:36.894 [AsyncHttpClient-1-8] DEBUG org.asynchttpclient.netty.handler.HttpHandler -- 

Request DefaultHttpRequest(decodeResult: success, version: HTTP/1.1)
POST /session/94529eedea957961047aed1a53ef8134/element/86016CE7ECA0DB592849D2D091900575_element_10/value HTTP/1.1
User-Agent: selenium/4.9.0 (java windows)
Content-Length: 248
Content-Type: application/json; charset=utf-8
host: localhost:18084
accept: */*

Response DefaultHttpResponse(decodeResult: success, version: HTTP/1.1)
HTTP/1.1 200 OK
Content-Length: 14
Content-Type: application/json; charset=utf-8
cache-control: no-cache

10:00:36.894 [AsyncHttpClient-1-8] DEBUG org.asynchttpclient.netty.channel.ChannelManager -- Adding key: http://localhost:18084 for channel [id: 0x57cdfda2, L:/127.0.0.1:65195 - R:localhost/127.0.0.1:18084]
10:00:36.896 [Forwarding submitElement on session 94529eedea957961047aed1a53ef8134 to remote] DEBUG org.asynchttpclient.netty.request.NettyRequestSender -- Using pooled Channel '[id: 0x57cdfda2, L:/127.0.0.1:65195 - R:localhost/127.0.0.1:18084]' for 'POST' to 'http://localhost:18084/session/94529eedea957961047aed1a53ef8134/execute/sync'
10:00:36.896 [Forwarding submitElement on session 94529eedea957961047aed1a53ef8134 to remote] DEBUG org.asynchttpclient.netty.request.NettyRequestSender -- Using open Channel [id: 0x57cdfda2, L:/127.0.0.1:65195 - R:localhost/127.0.0.1:18084] for POST '/session/94529eedea957961047aed1a53ef8134/execute/sync'
10:00:36.932 [AsyncHttpClient-1-8] DEBUG org.asynchttpclient.netty.handler.HttpHandler -- 

Request DefaultHttpRequest(decodeResult: success, version: HTTP/1.1)
POST /session/94529eedea957961047aed1a53ef8134/execute/sync HTTP/1.1
User-Agent: selenium/4.9.0 (java windows)
Content-Length: 596
Content-Type: application/json; charset=utf-8
host: localhost:18084
accept: */*

Response DefaultHttpResponse(decodeResult: success, version: HTTP/1.1)
HTTP/1.1 200 OK
Content-Length: 14
Content-Type: application/json; charset=utf-8
cache-control: no-cache

10:00:36.932 [AsyncHttpClient-1-8] DEBUG org.asynchttpclient.netty.channel.ChannelManager -- Adding key: http://localhost:18084 for channel [id: 0x57cdfda2, L:/127.0.0.1:65195 - R:localhost/127.0.0.1:18084]
10:00:36.933 [Forwarding getTitle on session 94529eedea957961047aed1a53ef8134 to remote] DEBUG org.asynchttpclient.netty.request.NettyRequestSender -- Using pooled Channel '[id: 0x57cdfda2, L:/127.0.0.1:65195 - R:localhost/127.0.0.1:18084]' for 'GET' to 'http://localhost:18084/session/94529eedea957961047aed1a53ef8134/title'
10:00:36.933 [Forwarding getTitle on session 94529eedea957961047aed1a53ef8134 to remote] DEBUG org.asynchttpclient.netty.request.NettyRequestSender -- Using open Channel [id: 0x57cdfda2, L:/127.0.0.1:65195 - R:localhost/127.0.0.1:18084] for GET '/session/94529eedea957961047aed1a53ef8134/title'
10:00:36.941 [AsyncHttpClient-1-8] DEBUG org.asynchttpclient.netty.handler.HttpHandler -- 

Request DefaultFullHttpRequest(decodeResult: success, version: HTTP/1.1, content: EmptyByteBufBE)
GET /session/94529eedea957961047aed1a53ef8134/title HTTP/1.1
User-Agent: selenium/4.9.0 (java windows)
Cache-Control: no-cache
Content-Type: application/json; charset=utf-8
host: localhost:18084
accept: */*

Response DefaultHttpResponse(decodeResult: success, version: HTTP/1.1)
HTTP/1.1 200 OK
Content-Length: 12
Content-Type: application/json; charset=utf-8
cache-control: no-cache

10:00:36.941 [AsyncHttpClient-1-8] DEBUG org.asynchttpclient.netty.channel.ChannelManager -- Adding key: http://localhost:18084 for channel [id: 0x57cdfda2, L:/127.0.0.1:65195 - R:localhost/127.0.0.1:18084]
]]></system-out>
    <system-err><![CDATA[Starting ChromeDriver 114.0.5735.90 (386bc09e8f4f2e025eddae123f36f6263096ae49-refs/branch-heads/5735@{#1052}) on port 18084
Only local connections are allowed.
Please see https://chromedriver.chromium.org/security-considerations for suggestions on keeping ChromeDriver safe.
ChromeDriver was started successfully.
Juni 02, 2023 10:00:35 AM org.openqa.selenium.devtools.CdpVersionFinder findNearestMatch
WARNUNG: Unable to find an exact match for CDP version 114, so returning the closest version found: 112
]]></system-err>
  </testcase>
</testsuite>